<?xml version="1.0" encoding="UTF-8"?>
<testsuite name="Test" tests="2" skipped="0" failures="0" errors="0" timestamp="2019-04-10T07:23:03" hostname="Florians-MBP" time="0.012">
  <properties/>
  <testcase name="testSolution" classname="Test" time="0.002"/>
  <testcase name="testPrintKey" classname="Test" time="0.01"/>
  <system-out><![CDATA[]]></system-out>
  <system-err><![CDATA[]]></system-err>
</testsuite>
