<?xml version="1.0" encoding="UTF-8"?>
<testsuite name="Test" tests="2" skipped="0" failures="0" errors="0" timestamp="2019-04-09T07:27:32" hostname="Florians-MBP" time="0.004">
  <properties/>
  <testcase name="testHairySmiley" classname="Test" time="0.003"/>
  <testcase name="testSmiley" classname="Test" time="0.0"/>
  <system-out><![CDATA[]]></system-out>
  <system-err><![CDATA[]]></system-err>
</testsuite>
