<?xml version="1.0" encoding="UTF-8"?>
<testsuite name="Test" tests="3" skipped="0" failures="0" errors="0" timestamp="2019-04-08T12:04:46" hostname="Florians-MBP" time="0.006">
  <properties/>
  <testcase name="testSolutionInvalidSet" classname="Test" time="0.006"/>
  <testcase name="testSolutionInvalidConstructor" classname="Test" time="0.0"/>
  <testcase name="testSolutionValid" classname="Test" time="0.0"/>
  <system-out><![CDATA[]]></system-out>
  <system-err><![CDATA[]]></system-err>
</testsuite>
