<?xml version="1.0" encoding="UTF-8"?>
<testsuite name="Test" tests="2" skipped="0" failures="0" errors="0" timestamp="2019-04-09T07:26:31" hostname="Florians-MBP" time="0.002">
  <properties/>
  <testcase name="testSum" classname="Test" time="0.001"/>
  <testcase name="testPrintSum" classname="Test" time="0.001"/>
  <system-out><![CDATA[]]></system-out>
  <system-err><![CDATA[]]></system-err>
</testsuite>
