<?xml version="1.0" encoding="UTF-8"?>
<testsuite name="Test" tests="1" skipped="0" failures="0" errors="0" timestamp="2019-04-09T07:26:05" hostname="Florians-MBP" time="0.003">
  <properties/>
  <testcase name="testSolution" classname="Test" time="0.003"/>
  <system-out><![CDATA[]]></system-out>
  <system-err><![CDATA[]]></system-err>
</testsuite>
