<?xml version="1.0" encoding="UTF-8"?>
<testsuite name="Test" tests="2" skipped="0" failures="0" errors="0" timestamp="2019-04-08T12:13:40" hostname="Florians-MBP" time="0.007">
  <properties/>
  <testcase name="testAddressBook" classname="Test" time="0.007"/>
  <testcase name="testAddress" classname="Test" time="0.0"/>
  <system-out><![CDATA[]]></system-out>
  <system-err><![CDATA[]]></system-err>
</testsuite>
