<?xml version="1.0" encoding="UTF-8"?>
<testsuite name="Test" tests="4" skipped="0" failures="0" errors="0" timestamp="2019-04-09T12:35:24" hostname="p058175.nat-gm.FH-Koeln.DE" time="0.023">
  <properties/>
  <testcase name="testSum" classname="Test" time="0.002"/>
  <testcase name="testOperateOnEachMin" classname="Test" time="0.019"/>
  <testcase name="testOperateOnEachSum" classname="Test" time="0.001"/>
  <testcase name="testSumOnEach" classname="Test" time="0.0"/>
  <system-out><![CDATA[]]></system-out>
  <system-err><![CDATA[]]></system-err>
</testsuite>
