<?xml version="1.0" encoding="UTF-8"?>
<testsuite name="Test" tests="3" skipped="0" failures="0" errors="0" timestamp="2019-04-08T10:20:28" hostname="Florians-MBP" time="0.018">
  <properties/>
  <testcase name="testSum" classname="Test" time="0.002"/>
  <testcase name="testSumOnEach" classname="Test" time="0.016"/>
  <testcase name="testOperateOnEach" classname="Test" time="0.0"/>
  <system-out><![CDATA[]]></system-out>
  <system-err><![CDATA[]]></system-err>
</testsuite>
