<?xml version="1.0" encoding="UTF-8"?>
<testsuite name="Test" tests="2" skipped="0" failures="0" errors="0" timestamp="2019-04-08T09:43:26" hostname="Florians-MBP" time="0.017">
  <properties/>
  <testcase name="testArray" classname="Test" time="0.003"/>
  <testcase name="testList" classname="Test" time="0.014"/>
  <system-out><![CDATA[]]></system-out>
  <system-err><![CDATA[]]></system-err>
</testsuite>
