<?xml version="1.0" encoding="UTF-8"?>
<testsuite name="Test" tests="2" skipped="0" failures="0" errors="0" timestamp="2019-04-08T12:21:50" hostname="Florians-MBP" time="0.013">
  <properties/>
  <testcase name="testFirstOrNull" classname="Test" time="0.013"/>
  <testcase name="testToUpperCase" classname="Test" time="0.0"/>
  <system-out><![CDATA[]]></system-out>
  <system-err><![CDATA[]]></system-err>
</testsuite>
